#
# A fatal error has been detected by the Java Runtime Environment:
#
#  Internal Error (exceptions.cpp:364), pid=26768, tid=140528285157648
#  Error: ExceptionMark destructor expects no pending exceptions
#
# JRE version: 6.0_16-b01
# Java VM: Java HotSpot(TM) 64-Bit Server VM (14.2-b01 mixed mode linux-amd64 )
# If you would like to submit a bug report, please visit:
#   http://java.sun.com/webapps/bugreport/crash.jsp
#

---------------  T H R E A D  ---------------

Current thread (0x00007fcf4406a800):  JavaThread "PacketPublisher" daemon [_thread_in_vm, id=26804, stack(0x00007fcf4a748000,0x00007fcf4a849000)]

Stack: [0x00007fcf4a748000,0x00007fcf4a849000],  sp=0x00007fcf4a8471e0,  free space=1020k
Native frames: (J=compiled Java code, j=interpreted, Vv=VM code, C=native code)
V  [libjvm.so+0x6bd1ef]
V  [libjvm.so+0x2be556]
V  [libjvm.so+0x3082dd]
V  [libjvm.so+0x4c807c]
V  [libjvm.so+0x3a074c]
j  java.lang.Object.wait(J)V+0
j  com.tangosol.coherence.component.util.Daemon.onWait()V+54
j  com.tangosol.coherence.component.util.daemon.queueProcessor.packetProcessor.PacketPublisher.onWait()V+5
j  com.tangosol.coherence.component.util.Daemon.run()V+78
j  java.lang.Thread.run()V+11
v  ~StubRoutines::call_stub
V  [libjvm.so+0x3a912d]
V  [libjvm.so+0x596149]
V  [libjvm.so+0x3a89fc]
V  [libjvm.so+0x3a8aab]
V  [libjvm.so+0x4339b7]
V  [libjvm.so+0x67bcb1]
V  [libjvm.so+0x59726f]

Java frames: (J=compiled Java code, j=interpreted, Vv=VM code)
j  java.lang.Object.wait(J)V+0
j  com.tangosol.coherence.component.util.Daemon.onWait()V+54
j  com.tangosol.coherence.component.util.daemon.queueProcessor.packetProcessor.PacketPublisher.onWait()V+5
j  com.tangosol.coherence.component.util.Daemon.run()V+78
j  java.lang.Thread.run()V+11
v  ~StubRoutines::call_stub

---------------  P R O C E S S  ---------------

Java Threads: ( => current thread )
  0x00007fcf3c003800 JavaThread "DistributedCache:simpleDistributedScheme" daemon [_thread_blocked, id=26810, stack(0x00007fcf4a142000,0x00007fcf4a243000)]
  0x00007fcf4423f000 JavaThread "Invocation:Management" daemon [_thread_blocked, id=26809, stack(0x00007fcf4a243000,0x00007fcf4a344000)]
  0x00007fcf443b8800 JavaThread "Invocation:Management:EventDispatcher" daemon [_thread_blocked, id=26808, stack(0x00007fcf4a344000,0x00007fcf4a445000)]
  0x00007fcf443b7800 JavaThread "TcpRingListener" daemon [_thread_in_native, id=26807, stack(0x00007fcf4a445000,0x00007fcf4a546000)]
  0x00007fcf443b5800 JavaThread "Cluster|Member(Id=1, Timestamp=2010-04-22 17:48:43.98, Address=172.16.128.9:8088, MachineId=15369, Location=machine:dmitri-questora,process:26768, Role=GriddynamicsCoherenceWritingNode)" daemon [_thread_blocked, id=26806, stack(0x00007fcf4a546000,0x00007fcf4a647000)]
  0x00007fcf443b3800 JavaThread "PacketSpeaker" daemon [_thread_blocked, id=26805, stack(0x00007fcf4a647000,0x00007fcf4a748000)]
=>0x00007fcf4406a800 JavaThread "PacketPublisher" daemon [_thread_in_vm, id=26804, stack(0x00007fcf4a748000,0x00007fcf4a849000)]
  0x00007fcf4406a000 JavaThread "PacketReceiver" daemon [_thread_blocked, id=26803, stack(0x00007fcf4a849000,0x00007fcf4a94a000)]
  0x00007fcf44069000 JavaThread "PacketListener1" daemon [_thread_in_native, id=26802, stack(0x00007fcf4a94a000,0x00007fcf4aa4b000)]
  0x00007fcf44235000 JavaThread "Logger@9246300 3.5.3/465" daemon [_thread_blocked, id=26801, stack(0x00007fcf4aa4b000,0x00007fcf4ab4c000)]
  0x00007fcf44004000 JavaThread "Low Memory Detector" daemon [_thread_blocked, id=26794, stack(0x00007fcf4aed5000,0x00007fcf4afd6000)]
  0x00007fcf44001000 JavaThread "CompilerThread1" daemon [_thread_blocked, id=26793, stack(0x00007fcf4afd6000,0x00007fcf4b0d7000)]
  0x0000000040f1c800 JavaThread "CompilerThread0" daemon [_thread_blocked, id=26792, stack(0x00007fcf4b0d7000,0x00007fcf4b1d8000)]
  0x0000000040f06000 JavaThread "JDWP Command Reader" daemon [_thread_in_native, id=26787, stack(0x00007fcf4b1d8000,0x00007fcf4b2d9000)]
  0x0000000040f03000 JavaThread "JDWP Event Helper Thread" daemon [_thread_blocked, id=26785, stack(0x00007fcf4b2d9000,0x00007fcf4b3da000)]
  0x0000000040eff800 JavaThread "JDWP Transport Listener: dt_socket" daemon [_thread_blocked, id=26784, stack(0x00007fcf4b3da000,0x00007fcf4b4db000)]
  0x0000000040ef3800 JavaThread "Signal Dispatcher" daemon [_thread_blocked, id=26782, stack(0x00007fcf4b5df000,0x00007fcf4b6e0000)]
  0x0000000040ed2000 JavaThread "Finalizer" daemon [_thread_blocked, id=26780, stack(0x00007fcf4b6e0000,0x00007fcf4b7e1000)]
  0x0000000040ed0000 JavaThread "Reference Handler" daemon [_thread_blocked, id=26779, stack(0x00007fcf4b7e1000,0x00007fcf4b8e2000)]
  0x0000000040e6d800 JavaThread "main" [_thread_blocked, id=26770, stack(0x00007fcfd2d6c000,0x00007fcfd2e6d000)]

Other Threads:
  0x0000000040ec9000 VMThread [stack: 0x00007fcf4b8e2000,0x00007fcf4b9e3000] [id=26778]
  0x00007fcf44006800 WatcherThread [stack: 0x00007fcf4add4000,0x00007fcf4aed5000] [id=26795]

VM state:not at safepoint (normal execution)

VM Mutex/Monitor currently owned by a thread: None

Heap
 PSYoungGen      total 37312K, used 20352K [0x00007fcfa5030000, 0x00007fcfa79d0000, 0x00007fcfcead0000)
  eden space 32000K, 58% used [0x00007fcfa5030000,0x00007fcfa6282938,0x00007fcfa6f70000)
  from space 5312K, 29% used [0x00007fcfa6f70000,0x00007fcfa70fda78,0x00007fcfa74a0000)
  to   space 5312K, 0% used [0x00007fcfa74a0000,0x00007fcfa74a0000,0x00007fcfa79d0000)
 PSOldGen        total 85312K, used 0K [0x00007fcf51ad0000, 0x00007fcf56e20000, 0x00007fcfa5030000)
  object space 85312K, 0% used [0x00007fcf51ad0000,0x00007fcf51ad0000,0x00007fcf56e20000)
 PSPermGen       total 21632K, used 21546K [0x00007fcf4c6d0000, 0x00007fcf4dbf0000, 0x00007fcf51ad0000)
  object space 21632K, 99% used [0x00007fcf4c6d0000,0x00007fcf4dbdaa78,0x00007fcf4dbf0000)

Dynamic libraries:
40000000-40009000 r-xp 00000000 08:05 2360725                            /usr/lib/jvm/java-6-sun-1.6.0.16/jre/bin/java
40108000-4010a000 rwxp 00008000 08:05 2360725                            /usr/lib/jvm/java-6-sun-1.6.0.16/jre/bin/java
40e59000-41438000 rwxp 00000000 00:00 0                                  [heap]
7fcf3c000000-7fcf3c412000 rwxp 00000000 00:00 0 
7fcf3c412000-7fcf40000000 ---p 00000000 00:00 0 
7fcf44000000-7fcf4456c000 rwxp 00000000 00:00 0 
7fcf4456c000-7fcf48000000 ---p 00000000 00:00 0 
7fcf49f40000-7fcf49f43000 rwxp 00000000 00:00 0 
7fcf49f43000-7fcf4a041000 rwxp 00000000 00:00 0 
7fcf4a041000-7fcf4a044000 rwxp 00000000 00:00 0 
7fcf4a044000-7fcf4a142000 rwxp 00000000 00:00 0 
7fcf4a142000-7fcf4a145000 ---p 00000000 00:00 0 
7fcf4a145000-7fcf4a243000 rwxp 00000000 00:00 0 
7fcf4a243000-7fcf4a246000 ---p 00000000 00:00 0 
7fcf4a246000-7fcf4a344000 rwxp 00000000 00:00 0 
7fcf4a344000-7fcf4a347000 ---p 00000000 00:00 0 
7fcf4a347000-7fcf4a445000 rwxp 00000000 00:00 0 
7fcf4a445000-7fcf4a448000 ---p 00000000 00:00 0 
7fcf4a448000-7fcf4a546000 rwxp 00000000 00:00 0 
7fcf4a546000-7fcf4a549000 ---p 00000000 00:00 0 
7fcf4a549000-7fcf4a647000 rwxp 00000000 00:00 0 
7fcf4a647000-7fcf4a64a000 ---p 00000000 00:00 0 
7fcf4a64a000-7fcf4a748000 rwxp 00000000 00:00 0 
7fcf4a748000-7fcf4a74b000 ---p 00000000 00:00 0 
7fcf4a74b000-7fcf4a849000 rwxp 00000000 00:00 0 
7fcf4a849000-7fcf4a84c000 ---p 00000000 00:00 0 
7fcf4a84c000-7fcf4a94a000 rwxp 00000000 00:00 0 
7fcf4a94a000-7fcf4a94d000 ---p 00000000 00:00 0 
7fcf4a94d000-7fcf4aa4b000 rwxp 00000000 00:00 0 
7fcf4aa4b000-7fcf4aa4e000 ---p 00000000 00:00 0 
7fcf4aa4e000-7fcf4ab4c000 rwxp 00000000 00:00 0 
7fcf4ab4c000-7fcf4ab5f000 r-xp 00000000 08:05 2361732                    /usr/lib/jvm/java-6-sun-1.6.0.16/jre/lib/amd64/libnet.so
7fcf4ab5f000-7fcf4ac60000 ---p 00013000 08:05 2361732                    /usr/lib/jvm/java-6-sun-1.6.0.16/jre/lib/amd64/libnet.so
7fcf4ac60000-7fcf4ac63000 rwxp 00014000 08:05 2361732                    /usr/lib/jvm/java-6-sun-1.6.0.16/jre/lib/amd64/libnet.so
7fcf4ac63000-7fcf4ac69000 r-xp 00000000 08:05 2361777                    /usr/lib/jvm/java-6-sun-1.6.0.16/jre/lib/amd64/libmanagement.so
7fcf4ac69000-7fcf4ad68000 ---p 00006000 08:05 2361777                    /usr/lib/jvm/java-6-sun-1.6.0.16/jre/lib/amd64/libmanagement.so
7fcf4ad68000-7fcf4ad6a000 rwxp 00005000 08:05 2361777                    /usr/lib/jvm/java-6-sun-1.6.0.16/jre/lib/amd64/libmanagement.so
7fcf4ad6a000-7fcf4ad71000 r-xs 00111000 08:05 2361806                    /usr/lib/jvm/java-6-sun-1.6.0.16/jre/lib/resources.jar
7fcf4ad71000-7fcf4ad74000 r-xs 000cb000 08:05 2362856                    /usr/lib/jvm/java-6-sun-1.6.0.16/jre/lib/ext/localedata.jar
7fcf4ad74000-7fcf4adb6000 r-xs 0042e000 08:05 755207                     /home/dmitri/.m2/repository/com/oracle/coherence/coherence/3.5.3b465/coherence-3.5.3b465.jar
7fcf4adb6000-7fcf4adba000 r-xs 00023000 08:05 813469                     /home/dmitri/.m2/repository/org/springframework/spring-expression/3.0.2.RELEASE/spring-expression-3.0.2.RELEASE.jar
7fcf4adba000-7fcf4adc3000 r-xs 0004f000 08:05 813472                     /home/dmitri/.m2/repository/org/springframework/spring-core/3.0.2.RELEASE/spring-core-3.0.2.RELEASE.jar
7fcf4adc3000-7fcf4add4000 r-xs 00090000 08:05 813466                     /home/dmitri/.m2/repository/org/springframework/spring-context/3.0.2.RELEASE/spring-context-3.0.2.RELEASE.jar
7fcf4add4000-7fcf4add5000 ---p 00000000 00:00 0 
7fcf4add5000-7fcf4aed5000 rwxp 00000000 00:00 0 
7fcf4aed5000-7fcf4aed8000 ---p 00000000 00:00 0 
7fcf4aed8000-7fcf4afd6000 rwxp 00000000 00:00 0 
7fcf4afd6000-7fcf4afd9000 ---p 00000000 00:00 0 
7fcf4afd9000-7fcf4b0d7000 rwxp 00000000 00:00 0 
7fcf4b0d7000-7fcf4b0da000 ---p 00000000 00:00 0 
7fcf4b0da000-7fcf4b1d8000 rwxp 00000000 00:00 0 
7fcf4b1d8000-7fcf4b1db000 ---p 00000000 00:00 0 
7fcf4b1db000-7fcf4b2d9000 rwxp 00000000 00:00 0 
7fcf4b2d9000-7fcf4b2dc000 ---p 00000000 00:00 0 
7fcf4b2dc000-7fcf4b3da000 rwxp 00000000 00:00 0 
7fcf4b3da000-7fcf4b3dd000 ---p 00000000 00:00 0 
7fcf4b3dd000-7fcf4b4db000 rwxp 00000000 00:00 0 
7fcf4b4db000-7fcf4b4de000 r-xp 00000000 08:05 2361766                    /usr/lib/jvm/java-6-sun-1.6.0.16/jre/lib/amd64/libdt_socket.so
7fcf4b4de000-7fcf4b5dd000 ---p 00003000 08:05 2361766                    /usr/lib/jvm/java-6-sun-1.6.0.16/jre/lib/amd64/libdt_socket.so
7fcf4b5dd000-7fcf4b5df000 rwxp 00002000 08:05 2361766                    /usr/lib/jvm/java-6-sun-1.6.0.16/jre/lib/amd64/libdt_socket.so
7fcf4b5df000-7fcf4b5e2000 ---p 00000000 00:00 0 
7fcf4b5e2000-7fcf4b6e0000 rwxp 00000000 00:00 0 
7fcf4b6e0000-7fcf4b6e3000 ---p 00000000 00:00 0 
7fcf4b6e3000-7fcf4b7e1000 rwxp 00000000 00:00 0 
7fcf4b7e1000-7fcf4b7e4000 ---p 00000000 00:00 0 
7fcf4b7e4000-7fcf4b8e2000 rwxp 00000000 00:00 0 
7fcf4b8e2000-7fcf4b8e3000 ---p 00000000 00:00 0 
7fcf4b8e3000-7fcf4ba88000 rwxp 00000000 00:00 0 
7fcf4ba88000-7fcf4bc1e000 r-xs 02fb3000 08:05 2361726                    /usr/lib/jvm/java-6-sun-1.6.0.16/jre/lib/rt.jar
7fcf4bc1e000-7fcf4bc1f000 ---p 00000000 00:00 0 
7fcf4bc1f000-7fcf4bd1f000 rwxp 00000000 00:00 0 
7fcf4bd1f000-7fcf4bd20000 ---p 00000000 00:00 0 
7fcf4bd20000-7fcf4be20000 rwxp 00000000 00:00 0 
7fcf4be20000-7fcf4be21000 ---p 00000000 00:00 0 
7fcf4be21000-7fcf4bf21000 rwxp 00000000 00:00 0 
7fcf4bf21000-7fcf4bf22000 ---p 00000000 00:00 0 
7fcf4bf22000-7fcf4c04c000 rwxp 00000000 00:00 0 
7fcf4c04c000-7fcf4c2bd000 rwxp 00000000 00:00 0 
7fcf4c2bd000-7fcf4c2c8000 rwxp 00000000 00:00 0 
7fcf4c2c8000-7fcf4c2e7000 rwxp 00000000 00:00 0 
7fcf4c2e7000-7fcf4c311000 rwxp 00000000 00:00 0 
7fcf4c311000-7fcf4c581000 rwxp 00000000 00:00 0 
7fcf4c581000-7fcf4c597000 rwxp 00000000 00:00 0 
7fcf4c597000-7fcf4c6cf000 rwxp 00000000 00:00 0 
7fcf4c6cf000-7fcf4dbf0000 rwxp 00000000 00:00 0 
7fcf4dbf0000-7fcf51ad0000 rwxp 00000000 00:00 0 
7fcf51ad0000-7fcf56e20000 rwxp 00000000 00:00 0 
7fcf56e20000-7fcfa5030000 rwxp 00000000 00:00 0 
7fcfa5030000-7fcfa79d0000 rwxp 00000000 00:00 0 
7fcfa79d0000-7fcfcead0000 rwxp 00000000 00:00 0 
7fcfcead1000-7fcfceadd000 r-xs 0007b000 08:05 813465                     /home/dmitri/.m2/repository/org/springframework/spring-beans/3.0.2.RELEASE/spring-beans-3.0.2.RELEASE.jar
7fcfceadd000-7fcfceae7000 rwxp 00000000 00:00 0 
7fcfceae7000-7fcfceb9d000 rwxp 00000000 00:00 0 
7fcfceb9d000-7fcfcee0d000 rwxp 00000000 00:00 0 
7fcfcee0d000-7fcfd1b9d000 rwxp 00000000 00:00 0 
7fcfd1b9d000-7fcfd1bab000 r-xp 00000000 08:05 2361742                    /usr/lib/jvm/java-6-sun-1.6.0.16/jre/lib/amd64/libzip.so
7fcfd1bab000-7fcfd1cad000 ---p 0000e000 08:05 2361742                    /usr/lib/jvm/java-6-sun-1.6.0.16/jre/lib/amd64/libzip.so
7fcfd1cad000-7fcfd1cb0000 rwxp 00010000 08:05 2361742                    /usr/lib/jvm/java-6-sun-1.6.0.16/jre/lib/amd64/libzip.so
7fcfd1cb0000-7fcfd1cb1000 rwxp 00000000 00:00 0 
7fcfd1cb1000-7fcfd1cbd000 r-xp 00000000 08:05 1941649                    /lib/libnss_files-2.10.1.so
7fcfd1cbd000-7fcfd1ebc000 ---p 0000c000 08:05 1941649                    /lib/libnss_files-2.10.1.so
7fcfd1ebc000-7fcfd1ebd000 r-xp 0000b000 08:05 1941649                    /lib/libnss_files-2.10.1.so
7fcfd1ebd000-7fcfd1ebe000 rwxp 0000c000 08:05 1941649                    /lib/libnss_files-2.10.1.so
7fcfd1ebe000-7fcfd1ec8000 r-xp 00000000 08:05 1941659                    /lib/libnss_nis-2.10.1.so
7fcfd1ec8000-7fcfd20c7000 ---p 0000a000 08:05 1941659                    /lib/libnss_nis-2.10.1.so
7fcfd20c7000-7fcfd20c8000 r-xp 00009000 08:05 1941659                    /lib/libnss_nis-2.10.1.so
7fcfd20c8000-7fcfd20c9000 rwxp 0000a000 08:05 1941659                    /lib/libnss_nis-2.10.1.so
7fcfd20c9000-7fcfd20d0000 r-xp 00000000 08:05 1941642                    /lib/libnss_compat-2.10.1.so
7fcfd20d0000-7fcfd22d0000 ---p 00007000 08:05 1941642                    /lib/libnss_compat-2.10.1.so
7fcfd22d0000-7fcfd22d1000 r-xp 00007000 08:05 1941642                    /lib/libnss_compat-2.10.1.so
7fcfd22d1000-7fcfd22d2000 rwxp 00008000 08:05 1941642                    /lib/libnss_compat-2.10.1.so
7fcfd22d2000-7fcfd23bf000 r-xp 00000000 08:05 2270512                    /usr/lib/locale/en_US.utf8/LC_COLLATE
7fcfd23bf000-7fcfd23c2000 r-xp 00000000 08:05 2361734                    /usr/lib/jvm/java-6-sun-1.6.0.16/jre/lib/amd64/libnpt.so
7fcfd23c2000-7fcfd24c1000 ---p 00003000 08:05 2361734                    /usr/lib/jvm/java-6-sun-1.6.0.16/jre/lib/amd64/libnpt.so
7fcfd24c1000-7fcfd24c2000 rwxp 00002000 08:05 2361734                    /usr/lib/jvm/java-6-sun-1.6.0.16/jre/lib/amd64/libnpt.so
7fcfd24c2000-7fcfd24f8000 r-xp 00000000 08:05 2361759                    /usr/lib/jvm/java-6-sun-1.6.0.16/jre/lib/amd64/libjdwp.so
7fcfd24f8000-7fcfd25f7000 ---p 00036000 08:05 2361759                    /usr/lib/jvm/java-6-sun-1.6.0.16/jre/lib/amd64/libjdwp.so
7fcfd25f7000-7fcfd2601000 rwxp 00035000 08:05 2361759                    /usr/lib/jvm/java-6-sun-1.6.0.16/jre/lib/amd64/libjdwp.so
7fcfd2601000-7fcfd2608000 r-xp 00000000 08:05 2361744                    /usr/lib/jvm/java-6-sun-1.6.0.16/jre/lib/amd64/native_threads/libhpi.so
7fcfd2608000-7fcfd2709000 ---p 00007000 08:05 2361744                    /usr/lib/jvm/java-6-sun-1.6.0.16/jre/lib/amd64/native_threads/libhpi.so
7fcfd2709000-7fcfd270b000 rwxp 00008000 08:05 2361744                    /usr/lib/jvm/java-6-sun-1.6.0.16/jre/lib/amd64/native_threads/libhpi.so
7fcfd270b000-7fcfd270c000 rwxp 00000000 00:00 0 
7fcfd270c000-7fcfd2722000 r-xp 00000000 08:05 1941641                    /lib/libnsl-2.10.1.so
7fcfd2722000-7fcfd2922000 ---p 00016000 08:05 1941641                    /lib/libnsl-2.10.1.so
7fcfd2922000-7fcfd2923000 r-xp 00016000 08:05 1941641                    /lib/libnsl-2.10.1.so
7fcfd2923000-7fcfd2924000 rwxp 00017000 08:05 1941641                    /lib/libnsl-2.10.1.so
7fcfd2924000-7fcfd2926000 rwxp 00000000 00:00 0 
7fcfd2926000-7fcfd294f000 r-xp 00000000 08:05 2361755                    /usr/lib/jvm/java-6-sun-1.6.0.16/jre/lib/amd64/libjava.so
7fcfd294f000-7fcfd2a4e000 ---p 00029000 08:05 2361755                    /usr/lib/jvm/java-6-sun-1.6.0.16/jre/lib/amd64/libjava.so
7fcfd2a4e000-7fcfd2a55000 rwxp 00028000 08:05 2361755                    /usr/lib/jvm/java-6-sun-1.6.0.16/jre/lib/amd64/libjava.so
7fcfd2a55000-7fcfd2a62000 r-xp 00000000 08:05 2361737                    /usr/lib/jvm/java-6-sun-1.6.0.16/jre/lib/amd64/libverify.so
7fcfd2a62000-7fcfd2b61000 ---p 0000d000 08:05 2361737                    /usr/lib/jvm/java-6-sun-1.6.0.16/jre/lib/amd64/libverify.so
7fcfd2b61000-7fcfd2b64000 rwxp 0000c000 08:05 2361737                    /usr/lib/jvm/java-6-sun-1.6.0.16/jre/lib/amd64/libverify.so
7fcfd2b64000-7fcfd2b6b000 r-xp 00000000 08:05 1941664                    /lib/librt-2.10.1.so
7fcfd2b6b000-7fcfd2d6a000 ---p 00007000 08:05 1941664                    /lib/librt-2.10.1.so
7fcfd2d6a000-7fcfd2d6b000 r-xp 00006000 08:05 1941664                    /lib/librt-2.10.1.so
7fcfd2d6b000-7fcfd2d6c000 rwxp 00007000 08:05 1941664                    /lib/librt-2.10.1.so
7fcfd2d6c000-7fcfd2d6f000 ---p 00000000 00:00 0 
7fcfd2d6f000-7fcfd2e6d000 rwxp 00000000 00:00 0 
7fcfd2e6d000-7fcfd2eef000 r-xp 00000000 08:05 1941632                    /lib/libm-2.10.1.so
7fcfd2eef000-7fcfd30ef000 ---p 00082000 08:05 1941632                    /lib/libm-2.10.1.so
7fcfd30ef000-7fcfd30f0000 r-xp 00082000 08:05 1941632                    /lib/libm-2.10.1.so
7fcfd30f0000-7fcfd30f1000 rwxp 00083000 08:05 1941632                    /lib/libm-2.10.1.so
7fcfd30f1000-7fcfd384f000 r-xp 00000000 08:05 2361762                    /usr/lib/jvm/java-6-sun-1.6.0.16/jre/lib/amd64/server/libjvm.so
7fcfd384f000-7fcfd394e000 ---p 0075e000 08:05 2361762                    /usr/lib/jvm/java-6-sun-1.6.0.16/jre/lib/amd64/server/libjvm.so
7fcfd394e000-7fcfd3ac6000 rwxp 0075d000 08:05 2361762                    /usr/lib/jvm/java-6-sun-1.6.0.16/jre/lib/amd64/server/libjvm.so
7fcfd3ac6000-7fcfd3b04000 rwxp 00000000 00:00 0 
7fcfd3b04000-7fcfd3c6a000 r-xp 00000000 08:05 1941623                    /lib/libc-2.10.1.so
7fcfd3c6a000-7fcfd3e69000 ---p 00166000 08:05 1941623                    /lib/libc-2.10.1.so
7fcfd3e69000-7fcfd3e6d000 r-xp 00165000 08:05 1941623                    /lib/libc-2.10.1.so
7fcfd3e6d000-7fcfd3e6e000 rwxp 00169000 08:05 1941623                    /lib/libc-2.10.1.so
7fcfd3e6e000-7fcfd3e73000 rwxp 00000000 00:00 0 
7fcfd3e73000-7fcfd3e75000 r-xp 00000000 08:05 1941630                    /lib/libdl-2.10.1.so
7fcfd3e75000-7fcfd4075000 ---p 00002000 08:05 1941630                    /lib/libdl-2.10.1.so
7fcfd4075000-7fcfd4076000 r-xp 00002000 08:05 1941630                    /lib/libdl-2.10.1.so
7fcfd4076000-7fcfd4077000 rwxp 00003000 08:05 1941630                    /lib/libdl-2.10.1.so
7fcfd4077000-7fcfd408e000 r-xp 00000000 08:05 1941662                    /lib/libpthread-2.10.1.so
7fcfd408e000-7fcfd428d000 ---p 00017000 08:05 1941662                    /lib/libpthread-2.10.1.so
7fcfd428d000-7fcfd428e000 r-xp 00016000 08:05 1941662                    /lib/libpthread-2.10.1.so
7fcfd428e000-7fcfd428f000 rwxp 00017000 08:05 1941662                    /lib/libpthread-2.10.1.so
7fcfd428f000-7fcfd4293000 rwxp 00000000 00:00 0 
7fcfd4293000-7fcfd42b2000 r-xp 00000000 08:05 1941615                    /lib/ld-2.10.1.so
7fcfd42b3000-7fcfd42b5000 r-xs 00000000 08:05 2998865                    /home/dmitri/.m2/repository/aopalliance/aopalliance/1.0/aopalliance-1.0.jar
7fcfd42b5000-7fcfd42be000 r-xs 00046000 08:05 813471                     /home/dmitri/.m2/repository/org/springframework/spring-aop/3.0.2.RELEASE/spring-aop-3.0.2.RELEASE.jar
7fcfd42be000-7fcfd4324000 rwxp 00000000 00:00 0 
7fcfd4324000-7fcfd4343000 rwxp 00000000 00:00 0 
7fcfd4343000-7fcfd4382000 r-xp 00000000 08:05 1974338                    /usr/lib/locale/en_US.utf8/LC_CTYPE
7fcfd4382000-7fcfd4384000 rwxp 00000000 00:00 0 
7fcfd4384000-7fcfd438b000 r-xp 00000000 08:05 2361728                    /usr/lib/jvm/java-6-sun-1.6.0.16/jre/lib/amd64/jli/libjli.so
7fcfd438b000-7fcfd448c000 ---p 00007000 08:05 2361728                    /usr/lib/jvm/java-6-sun-1.6.0.16/jre/lib/amd64/jli/libjli.so
7fcfd448c000-7fcfd448e000 rwxp 00008000 08:05 2361728                    /usr/lib/jvm/java-6-sun-1.6.0.16/jre/lib/amd64/jli/libjli.so
7fcfd448e000-7fcfd448f000 rwxp 00000000 00:00 0 
7fcfd4490000-7fcfd4492000 r-xs 0000d000 08:05 2729269                    /home/dmitri/.m2/repository/commons-logging/commons-logging/1.1.1/commons-logging-1.1.1.jar
7fcfd4492000-7fcfd4493000 r-xs 0000c000 08:05 813461                     /home/dmitri/.m2/repository/org/springframework/spring-asm/3.0.2.RELEASE/spring-asm-3.0.2.RELEASE.jar
7fcfd4493000-7fcfd449b000 rwxs 00000000 08:05 754700                     /tmp/hsperfdata_dmitri/26768
7fcfd449b000-7fcfd449c000 r-xp 00000000 08:05 1975275                    /usr/lib/locale/en_US.utf8/LC_NUMERIC
7fcfd449c000-7fcfd449d000 r-xp 00000000 08:05 1975130                    /usr/lib/locale/en_US.utf8/LC_TIME
7fcfd449d000-7fcfd449e000 r-xp 00000000 08:05 1975131                    /usr/lib/locale/en_US.utf8/LC_MONETARY
7fcfd449e000-7fcfd449f000 r-xp 00000000 08:05 1975227                    /usr/lib/locale/en_US.utf8/LC_MESSAGES/SYS_LC_MESSAGES
7fcfd449f000-7fcfd44a0000 r-xp 00000000 08:05 1975263                    /usr/lib/locale/en_US.utf8/LC_PAPER
7fcfd44a0000-7fcfd44a1000 r-xp 00000000 08:05 1975261                    /usr/lib/locale/en_US.utf8/LC_NAME
7fcfd44a1000-7fcfd44a2000 r-xp 00000000 08:05 1975132                    /usr/lib/locale/en_US.utf8/LC_ADDRESS
7fcfd44a2000-7fcfd44a3000 r-xp 00000000 08:05 1975133                    /usr/lib/locale/en_US.utf8/LC_TELEPHONE
7fcfd44a3000-7fcfd44a4000 r-xp 00000000 08:05 1975161                    /usr/lib/locale/en_US.utf8/LC_MEASUREMENT
7fcfd44a4000-7fcfd44ab000 r-xs 00000000 08:05 1933434                    /usr/lib/gconv/gconv-modules.cache
7fcfd44ab000-7fcfd44ac000 r-xp 00000000 08:05 1975134                    /usr/lib/locale/en_US.utf8/LC_IDENTIFICATION
7fcfd44ac000-7fcfd44ad000 rwxp 00000000 00:00 0 
7fcfd44ad000-7fcfd44ae000 r-xp 00000000 00:00 0 
7fcfd44ae000-7fcfd44b1000 rwxp 00000000 00:00 0 
7fcfd44b1000-7fcfd44b2000 r-xp 0001e000 08:05 1941615                    /lib/ld-2.10.1.so
7fcfd44b2000-7fcfd44b3000 rwxp 0001f000 08:05 1941615                    /lib/ld-2.10.1.so
7fff1b48c000-7fff1b4a1000 rwxp 00000000 00:00 0                          [stack]
7fff1b4dc000-7fff1b4dd000 r-xp 00000000 00:00 0                          [vdso]
ffffffffff600000-ffffffffff601000 r-xp 00000000 00:00 0                  [vsyscall]

VM Arguments:
jvm_args: -agentlib:jdwp=transport=dt_socket,suspend=y,address=localhost:33218 -Dfile.encoding=UTF-8 
java_command: com.griddynamics.coherence.integration.spring.WritingNode
Launcher Type: SUN_STANDARD

Environment Variables:
PATH=/usr/local/sbin:/usr/local/bin:/usr/sbin:/usr/bin:/sbin:/bin:/usr/games
USERNAME=dmitri
LD_LIBRARY_PATH=/usr/lib/jvm/java-6-sun-1.6.0.16/jre/lib/amd64/server:/usr/lib/jvm/java-6-sun-1.6.0.16/jre/lib/amd64:/usr/lib/jvm/java-6-sun-1.6.0.16/jre/../lib/amd64:/usr/lib64/xulrunner-addons
SHELL=/bin/bash
DISPLAY=:0.0

Signal Handlers:
SIGSEGV: [libjvm.so+0x6bddc0], sa_mask[0]=0x7ffbfeff, sa_flags=0x10000004
SIGBUS: [libjvm.so+0x6bddc0], sa_mask[0]=0x7ffbfeff, sa_flags=0x10000004
SIGFPE: [libjvm.so+0x594f90], sa_mask[0]=0x7ffbfeff, sa_flags=0x10000004
SIGPIPE: [libjvm.so+0x594f90], sa_mask[0]=0x7ffbfeff, sa_flags=0x10000004
SIGXFSZ: [libjvm.so+0x594f90], sa_mask[0]=0x7ffbfeff, sa_flags=0x10000004
SIGILL: [libjvm.so+0x594f90], sa_mask[0]=0x7ffbfeff, sa_flags=0x10000004
SIGUSR1: SIG_DFL, sa_mask[0]=0x00000000, sa_flags=0x00000000
SIGUSR2: [libjvm.so+0x597750], sa_mask[0]=0x00000004, sa_flags=0x10000004
SIGHUP: [libjvm.so+0x5974a0], sa_mask[0]=0x7ffbfeff, sa_flags=0x10000004
SIGINT: [libjvm.so+0x5974a0], sa_mask[0]=0x7ffbfeff, sa_flags=0x10000004
SIGTERM: [libjvm.so+0x5974a0], sa_mask[0]=0x7ffbfeff, sa_flags=0x10000004
SIGQUIT: [libjvm.so+0x5974a0], sa_mask[0]=0x7ffbfeff, sa_flags=0x10000004


---------------  S Y S T E M  ---------------

OS:squeeze/sid

uname:Linux 2.6.31-20-generic #58-Ubuntu SMP Fri Mar 12 04:38:19 UTC 2010 x86_64
libc:glibc 2.10.1 NPTL 2.10.1 
rlimit: STACK 8192k, CORE 0k, NPROC infinity, NOFILE 1024, AS infinity
load average:0.00 0.00 0.00

CPU:total 4 (4 cores per cpu, 1 threads per core) family 6 model 23 stepping 10, cmov, cx8, fxsr, mmx, sse, sse2, sse3, ssse3

Memory: 4k page, physical 8184844k(3704012k free), swap 0k(0k free)

vm_info: Java HotSpot(TM) 64-Bit Server VM (14.2-b01) for linux-amd64 JRE (1.6.0_16-b01), built on Jul 31 2009 05:52:33 by "java_re" with gcc 3.2.2 (SuSE Linux)

time: Thu Apr 22 17:49:23 2010
elapsed time: 43 seconds

